<?xml version="1.0" encoding="UTF-8"?>
<!-- Generated by org.testng.reporters.JUnitReportReporter -->
<testsuite hostname="DESKTOP-45VPP67" failures="0" tests="2" name="com.restfulbooker.businessLogic.LoginTest" time="5.688" errors="0" timestamp="26 Oct 2020 22:40:19 GMT">
  <testcase classname="com.restfulbooker.businessLogic.LoginTest" name="invalidLoginTest" time="5.268"/>
  <testcase classname="com.restfulbooker.businessLogic.LoginTest" name="validLoginTest" time="0.420"/>
</testsuite> <!-- com.restfulbooker.businessLogic.LoginTest -->
